{
    "total_bytes_written": 0,
    "total_bytes_read": 0,
    "rows_returned": 1,
    "latency": 0.003214125,
    "result_set_size": 8,
    "cumulative_rows_scanned": 1,
    "cpu_time": 0.000277874,
    "extra_info": {},
    "system_peak_buffer_memory": 36757504,
    "blocked_thread_time": 0.0,
    "cumulative_cardinality": 5,
    "system_peak_temp_dir_size": 0,
    "query_name": "CREATE OR REPLACE TABLE metrics_children AS SELECT unnest(children, recursive := true) FROM metrics_output;",
    "children": [
        {
            "total_bytes_written": 0,
            "result_set_size": 8,
            "operator_timing": 0.00022358300000000002,
            "operator_rows_scanned": 0,
            "cumulative_rows_scanned": 1,
            "operator_cardinality": 1,
            "operator_type": "BATCH_CREATE_TABLE_AS",
            "total_bytes_read": 0,
            "operator_name": "BATCH_CREATE_TABLE_AS",
            "cpu_time": 0.000277874,
            "extra_info": {},
            "cumulative_cardinality": 5,
            "children": [
                {
                    "cumulative_cardinality": 4,
                    "extra_info": {
                        "Projections": [
                            "total_bytes_written",
                            "result_set_size",
                            "operator_timing",
                            "operator_rows_scanned",
                            "cumulative_rows_scanned",
                            "operator_cardinality",
                            "operator_type",
                            "total_bytes_read",
                            "operator_name",
                            "cpu_time",
                            "Projections",
                            "Estimated Cardinality",
                            "cumulative_cardinality",
                            "children"
                        ],
                        "Estimated Cardinality": "1"
                    },
                    "operator_name": "PROJECTION",
                    "cpu_time": 0.000054291,
                    "cumulative_rows_scanned": 1,
                    "operator_rows_scanned": 0,
                    "operator_timing": 0.000015833,
                    "result_set_size": 98592,
                    "total_bytes_read": 0,
                    "operator_type": "PROJECTION",
                    "total_bytes_written": 0,
                    "operator_cardinality": 1,
                    "children": [
                        {
                            "total_bytes_written": 0,
                            "result_set_size": 98624,
                            "operator_timing": 0.000003333,
                            "operator_rows_scanned": 0,
                            "cumulative_rows_scanned": 1,
                            "operator_cardinality": 1,
                            "operator_type": "PROJECTION",
                            "total_bytes_read": 0,
                            "operator_name": "PROJECTION",
                            "cpu_time": 0.000038458000000000003,
                            "extra_info": {
                                "Projections": [
                                    "UNNEST(children)",
                                    "extra_info"
                                ],
                                "Estimated Cardinality": "1"
                            },
                            "cumulative_cardinality": 3,
                            "children": [
                                {
                                    "cumulative_cardinality": 2,
                                    "extra_info": {},
                                    "operator_name": "UNNEST",
                                    "cpu_time": 0.000035125,
                                    "cumulative_rows_scanned": 1,
                                    "operator_rows_scanned": 0,
                                    "operator_timing": 0.000011333,
                                    "result_set_size": 1851696,
                                    "total_bytes_read": 0,
                                    "operator_type": "UNNEST",
                                    "total_bytes_written": 0,
                                    "operator_cardinality": 1,
                                    "children": [
                                        {
                                            "total_bytes_written": 0,
                                            "result_set_size": 1376272,
                                            "operator_timing": 0.000023792000000000002,
                                            "operator_rows_scanned": 1,
                                            "cumulative_rows_scanned": 1,
                                            "operator_cardinality": 1,
                                            "operator_type": "TABLE_SCAN",
                                            "total_bytes_read": 0,
                                            "operator_name": "SEQ_SCAN ",
                                            "cpu_time": 0.000023792000000000002,
                                            "extra_info": {
                                                "Table": "metrics_output",
                                                "Type": "Sequential Scan",
                                                "Projections": "children",
                                                "Estimated Cardinality": "1"
                                            },
                                            "cumulative_cardinality": 1,
                                            "children": []
                                        }
                                    ]
                                }
                            ]
                        }
                    ]
                }
            ]
        }
    ]
}