{
    "rows_returned": 1,
    "latency": 5.886266835,
    "result_set_size": 8,
    "query_name": "SELECT count(*) \nFROM a \nJOIN b ON a.keyB1 = b.keyB1;",
    "blocked_thread_time": 0.0,
    "system_peak_buffer_memory": 8918423552,
    "system_peak_temp_dir_size": 0,
    "cpu_time": 22.973610572,
    "extra_info": {},
    "cumulative_cardinality": 804000004,
    "cumulative_rows_scanned": 1616000008,
    "children": [
        {
            "result_set_size": 8,
            "operator_name": "UNGROUPED_AGGREGATE",
            "cpu_time": 22.973610572,
            "extra_info": {
                "Aggregates": "count_star()"
            },
            "cumulative_cardinality": 804000004,
            "operator_type": "UNGROUPED_AGGREGATE",
            "operator_cardinality": 1,
            "cumulative_rows_scanned": 1616000008,
            "operator_rows_scanned": 0,
            "operator_timing": 0.1312872929999988,
            "children": [
                {
                    "result_set_size": 6400000016,
                    "operator_name": "HASH_JOIN",
                    "cpu_time": 22.842323279,
                    "extra_info": {
                        "Join Type": "INNER",
                        "Conditions": "keyB1 = keyB1",
                        "Estimated Cardinality": "400000001",
                        "Probe Time": "16532.455 ms"
                    },
                    "cumulative_cardinality": 804000003,
                    "operator_type": "HASH_JOIN",
                    "operator_cardinality": 400000001,
                    "cumulative_rows_scanned": 1616000008,
                    "operator_rows_scanned": 0,
                    "operator_timing": 22.329647761999997,
                    "children": [
                        {
                            "result_set_size": 3200000008,
                            "operator_name": "SEQ_SCAN ",
                            "cpu_time": 0.5095318630000014,
                            "extra_info": {
                                "Table": "a",
                                "Type": "Sequential Scan",
                                "Projections": "keyB1",
                                "Estimated Cardinality": "400000001"
                            },
                            "cumulative_cardinality": 400000001,
                            "operator_type": "TABLE_SCAN",
                            "operator_cardinality": 400000001,
                            "cumulative_rows_scanned": 1600000004,
                            "operator_rows_scanned": 1600000004,
                            "operator_timing": 0.5095318630000014,
                            "children": []
                        },
                        {
                            "result_set_size": 32000008,
                            "operator_name": "SEQ_SCAN ",
                            "cpu_time": 0.0031436540000000005,
                            "extra_info": {
                                "Table": "b",
                                "Type": "Sequential Scan",
                                "Projections": "keyB1",
                                "Estimated Cardinality": "4000001"
                            },
                            "cumulative_cardinality": 4000001,
                            "operator_type": "TABLE_SCAN",
                            "operator_cardinality": 4000001,
                            "cumulative_rows_scanned": 16000004,
                            "operator_rows_scanned": 16000004,
                            "operator_timing": 0.0031436540000000005,
                            "children": []
                        }
                    ]
                }
            ]
        }
    ]
}