{
    "rows_returned": 1,
    "latency": 2.866372416,
    "result_set_size": 8,
    "query_name": "SELECT count(*) \nFROM a \nJOIN b ON a.keyB1 = b.keyB1;",
    "blocked_thread_time": 0.0,
    "system_peak_buffer_memory": 8611219456,
    "system_peak_temp_dir_size": 0,
    "cpu_time": 10.970409115000054,
    "extra_info": {},
    "cumulative_cardinality": 800800004,
    "cumulative_rows_scanned": 1603200008,
    "children": [
        {
            "result_set_size": 8,
            "operator_name": "UNGROUPED_AGGREGATE",
            "cpu_time": 10.970409115000054,
            "extra_info": {
                "Aggregates": "count_star()"
            },
            "cumulative_cardinality": 800800004,
            "operator_type": "UNGROUPED_AGGREGATE",
            "operator_cardinality": 1,
            "cumulative_rows_scanned": 1603200008,
            "operator_rows_scanned": 0,
            "operator_timing": 0.07717463499999969,
            "children": [
                {
                    "result_set_size": 6400000016,
                    "operator_name": "HASH_JOIN",
                    "cpu_time": 10.893234480000054,
                    "extra_info": {
                        "Join Type": "INNER",
                        "Conditions": "keyB1 = keyB1",
                        "Estimated Cardinality": "400000001",
                        "Probe Time": "7315.549 ms"
                    },
                    "cumulative_cardinality": 800800003,
                    "operator_type": "HASH_JOIN",
                    "operator_cardinality": 400000001,
                    "cumulative_rows_scanned": 1603200008,
                    "operator_rows_scanned": 0,
                    "operator_timing": 10.567752036000055,
                    "children": [
                        {
                            "result_set_size": 3200000008,
                            "operator_name": "SEQ_SCAN ",
                            "cpu_time": 0.32484464999999974,
                            "extra_info": {
                                "Table": "a",
                                "Type": "Sequential Scan",
                                "Projections": "keyB1",
                                "Estimated Cardinality": "400000001"
                            },
                            "cumulative_cardinality": 400000001,
                            "operator_type": "TABLE_SCAN",
                            "operator_cardinality": 400000001,
                            "cumulative_rows_scanned": 1600000004,
                            "operator_rows_scanned": 1600000004,
                            "operator_timing": 0.32484464999999974,
                            "children": []
                        },
                        {
                            "result_set_size": 6400008,
                            "operator_name": "SEQ_SCAN ",
                            "cpu_time": 0.000637794,
                            "extra_info": {
                                "Table": "b",
                                "Type": "Sequential Scan",
                                "Projections": "keyB1",
                                "Estimated Cardinality": "800001"
                            },
                            "cumulative_cardinality": 800001,
                            "operator_type": "TABLE_SCAN",
                            "operator_cardinality": 800001,
                            "cumulative_rows_scanned": 3200004,
                            "operator_rows_scanned": 3200004,
                            "operator_timing": 0.000637794,
                            "children": []
                        }
                    ]
                }
            ]
        }
    ]
}